[4:47:09 PM] Starting compilation in watch mode...

src/admin/dto/admin.dto.ts:20:4 - error TS2552: Cannot find name 'Length'. Did you mean 'length'?

20   @Length(5, 50, { message: 'L\'ID de question doit contenir entre 5 et 50 caractères' })
      ~~~~~~

  node_modules/typescript/lib/lib.dom.d.ts:38480:13
    38480 declare var length: number;
                      ~~~~~~
    'length' is declared here.

src/admin/dto/admin.dto.ts:24:4 - error TS2552: Cannot find name 'Length'. Did you mean 'length'?

24   @Length(3, 100)
      ~~~~~~

  node_modules/typescript/lib/lib.dom.d.ts:38480:13
    38480 declare var length: number;
                      ~~~~~~
    'length' is declared here.

src/admin/dto/admin.dto.ts:34:4 - error TS2552: Cannot find name 'Length'. Did you mean 'length'?

34   @Length(10, 500, { message: 'Le texte de la question doit contenir entre 10 et 500 caractères' })
      ~~~~~~

  node_modules/typescript/lib/lib.dom.d.ts:38480:13
    38480 declare var length: number;
                      ~~~~~~
    'length' is declared here.

src/admin/dto/admin.dto.ts:50:4 - error TS2552: Cannot find name 'Length'. Did you mean 'length'?

50   @Length(0, 20)
      ~~~~~~

  node_modules/typescript/lib/lib.dom.d.ts:38480:13
    38480 declare var length: number;
                      ~~~~~~
    'length' is declared here.

src/admin/dto/admin.dto.ts:59:4 - error TS2552: Cannot find name 'Length'. Did you mean 'length'?

59   @Length(0, 100)
      ~~~~~~

  node_modules/typescript/lib/lib.dom.d.ts:38480:13
    38480 declare var length: number;
                      ~~~~~~
    'length' is declared here.

src/admin/dto/admin.dto.ts:66:4 - error TS2552: Cannot find name 'Length'. Did you mean 'length'?

66   @Length(10, 500)
      ~~~~~~

  node_modules/typescript/lib/lib.dom.d.ts:38480:13
    38480 declare var length: number;
                      ~~~~~~
    'length' is declared here.

src/admin/dto/admin.dto.ts:82:4 - error TS2552: Cannot find name 'Length'. Did you mean 'length'?

82   @Length(0, 20)
      ~~~~~~

  node_modules/typescript/lib/lib.dom.d.ts:38480:13
    38480 declare var length: number;
                      ~~~~~~
    'length' is declared here.

src/admin/dto/admin.dto.ts:91:4 - error TS2552: Cannot find name 'Length'. Did you mean 'length'?

91   @Length(0, 100)
      ~~~~~~

  node_modules/typescript/lib/lib.dom.d.ts:38480:13
    38480 declare var length: number;
                      ~~~~~~
    'length' is declared here.

[4:47:19 PM] Found 8 errors. Watching for file changes.